Arguments: 
  C:\Program Files\nodejs\node.exe C:\Users\Hp\AppData\Roaming\npm\node_modules\yarn\bin\yarn.js add -D @storybook/addon-postcss

PATH: 
  C:\Windows\system32;C:\Windows;C:\Windows\System32\Wbem;C:\Windows\System32\WindowsPowerShell\v1.0\;C:\Windows\System32\OpenSSH\;C:\Program Files\Intel\WiFi\bin\;C:\Program Files\Common Files\Intel\WirelessCommon\;C:\Program Files\Docker\Docker\resources\bin;C:\Program Files\nodejs;C:\Program Files\nodejs\;C:\Program Files\Git\cmd;C:\Users\Hp\AppData\Local\Microsoft\WindowsApps;C:\Program Files\Intel\WiFi\bin\;C:\Program Files\Common Files\Intel\WirelessCommon\;C:\Users\Hp\AppData\Local\Programs\Microsoft VS Code\bin;C:\Program Files\nodejs;C:\Users\Hp\AppData\Roaming\npm;

Yarn version: 
  1.22.19

Node version: 
  18.17.1

Platform: 
  win32 x64

Trace: 
  Error: EPERM: operation not permitted, unlink 'C:\Users\Hp\Documents\WorkPlace\TestLibrary\@anhtu-pro\node_modules\@vitest\utils\node_modules\pretty-format'

npm manifest: 
  {
    "name": "@anhtu16122000/atomic-design",
    "publishConfig": {
      "registry": "https://npm.pkg.github.com/anhtu16122000"
    },
    "version": "1.0.0",
    "description": "Anh tu pro components rely on atomic design pattern",
    "main": "dist/cjs/index.js",
    "module": "dist/esm/index.js",
    "files": [
      "dist"
    ],
    "types": "dist/index.d.ts",
    "scripts": {
      "rollup": "rollup -c",
      "test": "jest",
      "storybook": "storybook dev -p 6006",
      "build-storybook": "storybook build"
    },
    "author": "anhtu pro",
    "license": "ISC",
    "devDependencies": {
      "@babel/core": "^7.23.5",
      "@babel/preset-env": "^7.23.5",
      "@babel/preset-react": "^7.23.3",
      "@babel/preset-typescript": "^7.23.3",
      "@rollup/plugin-commonjs": "^25.0.7",
      "@rollup/plugin-node-resolve": "^15.2.3",
      "@rollup/plugin-typescript": "^11.1.5",
      "@storybook/addon-essentials": "^7.6.2",
      "@storybook/addon-interactions": "^7.6.2",
      "@storybook/addon-links": "^7.6.2",
      "@storybook/addon-onboarding": "^1.0.8",
      "@storybook/addon-styling-webpack": "^0.0.5",
      "@storybook/blocks": "^7.6.2",
      "@storybook/preset-scss": "^1.0.3",
      "@storybook/react": "^7.6.2",
      "@storybook/react-webpack5": "^7.6.2",
      "@storybook/test": "^7.6.2",
      "@testing-library/react": "^14.1.2",
      "@types/css-modules": "^1.0.5",
      "@types/jest": "^29.5.10",
      "@types/react": "^18.2.39",
      "babel-jest": "^29.7.0",
      "css-loader": "^6.8.1",
      "identity-obj-proxy": "^3.0.0",
      "jest": "^29.7.0",
      "react": "^18.2.0",
      "react-dom": "^18.2.0",
      "rollup": "^4.6.1",
      "rollup-plugin-dts": "^6.1.0",
      "sass": "^1.69.5",
      "sass-loader": "^13.3.2",
      "storybook": "^7.6.2",
      "style-loader": "^3.3.3",
      "tailwindcss": "^3.3.5",
      "tslib": "^2.6.2",
      "typescript": "^5.3.2"
    },
    "dependencies": {
      "@storybook/addon-themes": "^7.6.2",
      "add": "^2.0.6",
      "node-sass": "^9.0.0",
      "rollup-plugin-postcss": "^4.0.2"
    }
  }

yarn manifest: 
  No manifest

Lockfile: 
  No lockfile
